<?xml version="1.0" encoding="UTF-8" standalone="yes"?><!DOCTYPE report PUBLIC "-//JACOCO//DTD Report 1.1//EN" "report.dtd"><report name="runmerunner"><sessioninfo id="DESKTOP-A8C0OHF-4400e106" start="1603116833841" dump="1603116834837"/><sessioninfo id="DESKTOP-A8C0OHF-e5acd103" start="1603116985434" dump="1603116986192"/><sessioninfo id="DESKTOP-A8C0OHF-ca125ed8" start="1603117294903" dump="1603117295725"/><sessioninfo id="DESKTOP-A8C0OHF-4e95dd17" start="1603117545356" dump="1603117546350"/><sessioninfo id="DESKTOP-A8C0OHF-d2cfaf76" start="1603117594262" dump="1603117595220"/><sessioninfo id="DESKTOP-A8C0OHF-65458423" start="1603117997453" dump="1603117997699"/><sessioninfo id="DESKTOP-A8C0OHF-713975c5" start="1603118070790" dump="1603118071054"/><sessioninfo id="DESKTOP-A8C0OHF-59212e6" start="1603118091955" dump="1603118092726"/><sessioninfo id="DESKTOP-A8C0OHF-966b0923" start="1603118127203" dump="1603118127676"/><sessioninfo id="DESKTOP-A8C0OHF-ae2a3d56" start="1603118195852" dump="1603118196367"/><sessioninfo id="DESKTOP-A8C0OHF-e0f0cc62" start="1603118255147" dump="1603118255613"/><sessioninfo id="DESKTOP-A8C0OHF-d1e1a8a1" start="1603118288846" dump="1603118289707"/><sessioninfo id="DESKTOP-A8C0OHF-7bd68c78" start="1603118592562" dump="1603118593412"/><sessioninfo id="DESKTOP-A8C0OHF-8c91cbff" start="1603118728984" dump="1603118729809"/><sessioninfo id="DESKTOP-A8C0OHF-32270c71" start="1603118815337" dump="1603118815987"/><sessioninfo id="DESKTOP-A8C0OHF-7bcdfba3" start="1603118871661" dump="1603118872573"/><sessioninfo id="DESKTOP-A8C0OHF-8ee359c8" start="1603118887166" dump="1603118888025"/><sessioninfo id="DESKTOP-A8C0OHF-947a9a2f" start="1603119047016" dump="1603119047869"/><package name="htwb/ai"><class name="htwb/ai/RunMe" sourcefilename="RunMe.java"/><class name="htwb/ai/RunMeMain" sourcefilename="RunMeMain.java"><method name="&lt;init&gt;" desc="()V" line="8"><counter type="INSTRUCTION" missed="3" covered="0"/><counter type="LINE" missed="1" covered="0"/><counter type="COMPLEXITY" missed="1" covered="0"/><counter type="METHOD" missed="1" covered="0"/></method><method name="main" desc="([Ljava/lang/String;)V" line="13"><counter type="INSTRUCTION" missed="180" covered="75"/><counter type="BRANCH" missed="25" covered="1"/><counter type="LINE" missed="36" covered="25"/><counter type="COMPLEXITY" missed="13" covered="1"/><counter type="METHOD" missed="0" covered="1"/></method><counter type="INSTRUCTION" missed="183" covered="75"/><counter type="BRANCH" missed="25" covered="1"/><counter type="LINE" missed="37" covered="25"/><counter type="COMPLEXITY" missed="14" covered="1"/><counter type="METHOD" missed="1" covered="1"/><counter type="CLASS" missed="0" covered="1"/></class><sourcefile name="RunMeMain.java"><line nr="8" mi="3" ci="0" mb="0" cb="0"/><line nr="13" mi="0" ci="2" mb="0" cb="0"/><line nr="15" mi="0" ci="3" mb="1" cb="1"/><line nr="16" mi="4" ci="0" mb="0" cb="0"/><line nr="18" mi="0" ci="4" mb="0" cb="0"/><line nr="19" mi="0" ci="4" mb="0" cb="0"/><line nr="20" mi="0" ci="4" mb="0" cb="0"/><line nr="21" mi="0" ci="4" mb="0" cb="0"/><line nr="23" mi="0" ci="4" mb="0" cb="0"/><line nr="26" mi="0" ci="3" mb="0" cb="0"/><line nr="27" mi="0" ci="3" mb="0" cb="0"/><line nr="30" mi="8" ci="0" mb="0" cb="0"/><line nr="32" mi="5" ci="0" mb="0" cb="0"/><line nr="34" mi="16" ci="0" mb="2" cb="0"/><line nr="35" mi="4" ci="0" mb="2" cb="0"/><line nr="36" mi="4" ci="0" mb="0" cb="0"/><line nr="40" mi="16" ci="0" mb="2" cb="0"/><line nr="41" mi="4" ci="0" mb="2" cb="0"/><line nr="42" mi="4" ci="0" mb="0" cb="0"/><line nr="46" mi="3" ci="0" mb="2" cb="0"/><line nr="47" mi="3" ci="0" mb="0" cb="0"/><line nr="48" mi="10" ci="0" mb="2" cb="0"/><line nr="49" mi="7" ci="0" mb="0" cb="0"/><line nr="51" mi="3" ci="0" mb="0" cb="0"/><line nr="54" mi="3" ci="0" mb="2" cb="0"/><line nr="57" mi="3" ci="0" mb="0" cb="0"/><line nr="58" mi="10" ci="0" mb="2" cb="0"/><line nr="60" mi="6" ci="0" mb="0" cb="0"/><line nr="61" mi="5" ci="0" mb="0" cb="0"/><line nr="62" mi="1" ci="0" mb="0" cb="0"/><line nr="63" mi="4" ci="0" mb="0" cb="0"/><line nr="64" mi="1" ci="0" mb="0" cb="0"/><line nr="65" mi="4" ci="0" mb="0" cb="0"/><line nr="66" mi="2" ci="0" mb="0" cb="0"/><line nr="67" mi="2" ci="0" mb="0" cb="0"/><line nr="69" mi="3" ci="0" mb="0" cb="0"/><line nr="72" mi="3" ci="0" mb="2" cb="0"/><line nr="73" mi="3" ci="0" mb="0" cb="0"/><line nr="74" mi="10" ci="0" mb="2" cb="0"/><line nr="75" mi="5" ci="0" mb="0" cb="0"/><line nr="76" mi="1" ci="0" mb="0" cb="0"/><line nr="79" mi="3" ci="0" mb="2" cb="0"/><line nr="80" mi="3" ci="0" mb="0" cb="0"/><line nr="81" mi="10" ci="0" mb="2" cb="0"/><line nr="82" mi="5" ci="0" mb="0" cb="0"/><line nr="83" mi="1" ci="0" mb="0" cb="0"/><line nr="86" mi="0" ci="1" mb="0" cb="0"/><line nr="87" mi="0" ci="4" mb="0" cb="0"/><line nr="88" mi="0" ci="3" mb="0" cb="0"/><line nr="89" mi="0" ci="1" mb="0" cb="0"/><line nr="90" mi="0" ci="4" mb="0" cb="0"/><line nr="91" mi="0" ci="3" mb="0" cb="0"/><line nr="92" mi="0" ci="1" mb="0" cb="0"/><line nr="93" mi="0" ci="4" mb="0" cb="0"/><line nr="94" mi="0" ci="4" mb="0" cb="0"/><line nr="95" mi="0" ci="3" mb="0" cb="0"/><line nr="96" mi="0" ci="1" mb="0" cb="0"/><line nr="97" mi="0" ci="4" mb="0" cb="0"/><line nr="98" mi="0" ci="4" mb="0" cb="0"/><line nr="99" mi="0" ci="3" mb="0" cb="0"/><line nr="100" mi="1" ci="3" mb="0" cb="0"/><line nr="101" mi="0" ci="1" mb="0" cb="0"/><counter type="INSTRUCTION" missed="183" covered="75"/><counter type="BRANCH" missed="25" covered="1"/><counter type="LINE" missed="37" covered="25"/><counter type="COMPLEXITY" missed="14" covered="1"/><counter type="METHOD" missed="1" covered="1"/><counter type="CLASS" missed="0" covered="1"/></sourcefile><sourcefile name="RunMe.java"/><counter type="INSTRUCTION" missed="183" covered="75"/><counter type="BRANCH" missed="25" covered="1"/><counter type="LINE" missed="37" covered="25"/><counter type="COMPLEXITY" missed="14" covered="1"/><counter type="METHOD" missed="1" covered="1"/><counter type="CLASS" missed="0" covered="1"/></package><counter type="INSTRUCTION" missed="183" covered="75"/><counter type="BRANCH" missed="25" covered="1"/><counter type="LINE" missed="37" covered="25"/><counter type="COMPLEXITY" missed="14" covered="1"/><counter type="METHOD" missed="1" covered="1"/><counter type="CLASS" missed="0" covered="1"/></report>