<?xml version="1.0" encoding="UTF-8"?>
<testsuite xmlns:xsi="http://www.w3.org/2001/XMLSchema-instance" xsi:noNamespaceSchemaLocation="https://maven.apache.org/surefire/maven-surefire-plugin/xsd/surefire-test-report.xsd" name="htwb.ai.RunMeTest" time="0.041" tests="4" errors="0" skipped="0" failures="0">
  <properties>
[...]
</properties>
  <testcase name="couldNotAccessConstructorTest" classname="htwb.ai.RunMeTest" time="0.027"/>
  <testcase name="couldNotFindClassTest" classname="htwb.ai.RunMeTest" time="0"/>
  <testcase name="couldNotFindConstructorTest" classname="htwb.ai.RunMeTest" time="0.002"/>
  <testcase name="couldNotInstantiateClassTest" classname="htwb.ai.RunMeTest" time="0.002"/>
</testsuite>